[0;36mNow Initalizing Chiori Framework 5.1.0304 (Scootaloo)[0m                                                                  --> 04:13:16.4073 Debug 3   98     ChioriFramework.php
[0;36mCopyright © 2013 Apple Bloom Company[0m                                                                                  --> 04:13:16.4077 Debug 3   99     ChioriFramework.php
[0;36mFramework Spawned as PID: 26534[0m                                                                                        --> 04:13:16.4078 Debug 3   100    ChioriFramework.php
[0;36mLoading Framework Configuration[0m                                                                                        --> 04:13:16.4080 Debug 3   103    ChioriFramework.php
[0;34mMade successful connection to "chiorifw".[0m                                                                              --> 04:13:16.4122 Debug     42     DatabaseEngine.php
[0;36mLoading Site Configuration[0m                                                                                             --> 04:13:16.4126 Debug 3   118    ChioriFramework.php
[0;34mMade successful connection to "chiori".[0m                                                                                --> 04:13:16.4134 Debug     42     DatabaseEngine.php
[0;36mMaking SELECT query "SELECT * FROM `sites` WHERE `siteID` = 'applebloom' LIMIT 0, 1" which returned 1 row(s).[0m          --> 04:13:16.4141 Debug 2   158    DatabaseEngine.php
[0;36mMaking SELECT query "SELECT * FROM `plugins` WHERE `siteID` = 'applebloom'" which returned 1 row(s).[0m                   --> 04:13:16.4145 Debug 2   158    DatabaseEngine.php
[0;34mLoading "/home/chiori/applebloom.co/protected5/com/chiorichan/plugin/Template.php"[0m                                     --> 04:13:16.4147 Debug 3   231    Constructor.php
[0;34mLoading "/home/chiori/applebloom.co/protected5/com/chiorichan/exception/TemplateException.php"[0m                         --> 04:13:16.4165 Debug 3   231    Constructor.php
[0;34mEnabling Plugin "Chiori Template".[0m                                                                                     --> 04:13:16.4168 Debug 3   60     PluginManager.php
[0;31mMaking SELECT query "SELECT * FROM `hooks` WHERE `siteID` = 'applebloom'" which returned with error: "Table 'chiorifw.[0m --> 04:13:16.4173 Warning   148    DatabaseEngine.php
hooks' doesn't exist".[0m
[0;36mSearching for "accounts.applebloom.co//login" within FW Database.[0m                                                      --> 04:13:16.4177 Debug 3   25     Template.php
[0;36mMaking SELECT query "SELECT * FROM `pages` WHERE (`site` = '' OR `site` = 'accounts') AND `domain` = 'applebloom.co'" [0m --> 04:13:16.4182 Debug 2   158    DatabaseEngine.php
which returned 5 row(s).[0m
[0;36mMaking SELECT query "SELECT * FROM `pages` WHERE (`site` = '' OR `site` = 'accounts') AND `domain` = ''" which returne[0m --> 04:13:16.4185 Debug 2   158    DatabaseEngine.php
d 1 row(s).[0m
Login Status: No valid login present.[0m                                                                                    --> 04:13:16.4192 Info      148    UserService.php
Login Status: No valid login present.[0m                                                                                    --> 04:13:16.4195 Info      148    UserService.php
Retrieving File: /home/chiori/applebloom.co/protected5/co/applebloom/includes/common.inc.php[0m                             --> 04:13:16.4201 Debug 3   94     Server.php
Retrieving File: /home/chiori/applebloom.co/protected5/co/applebloom/themes/login.inc.php[0m                                --> 04:13:16.4206 Debug 3   94     Server.php
[0;36mNow Initalizing Chiori Framework 5.1.0304 (Scootaloo)[0m                                                                  --> 04:13:42.1767 Debug 3   98     ChioriFramework.php
[0;36mCopyright © 2013 Apple Bloom Company[0m                                                                                  --> 04:13:42.1770 Debug 3   99     ChioriFramework.php
[0;36mFramework Spawned as PID: 26639[0m                                                                                        --> 04:13:42.1772 Debug 3   100    ChioriFramework.php
[0;36mLoading Framework Configuration[0m                                                                                        --> 04:13:42.1773 Debug 3   103    ChioriFramework.php
[0;34mMade successful connection to "chiorifw".[0m                                                                              --> 04:13:42.1813 Debug     42     DatabaseEngine.php
[0;36mLoading Site Configuration[0m                                                                                             --> 04:13:42.1817 Debug 3   118    ChioriFramework.php
[0;34mMade successful connection to "chiori".[0m                                                                                --> 04:13:42.1824 Debug     42     DatabaseEngine.php
[0;36mMaking SELECT query "SELECT * FROM `sites` WHERE `siteID` = 'applebloom' LIMIT 0, 1" which returned 1 row(s).[0m          --> 04:13:42.1832 Debug 2   158    DatabaseEngine.php
[0;36mMaking SELECT query "SELECT * FROM `plugins` WHERE `siteID` = 'applebloom'" which returned 1 row(s).[0m                   --> 04:13:42.1836 Debug 2   158    DatabaseEngine.php
[0;34mLoading "/home/chiori/applebloom.co/protected5/com/chiorichan/plugin/Template.php"[0m                                     --> 04:13:42.1838 Debug 3   231    Constructor.php
[0;34mLoading "/home/chiori/applebloom.co/protected5/com/chiorichan/exception/TemplateException.php"[0m                         --> 04:13:42.1855 Debug 3   231    Constructor.php
[0;34mEnabling Plugin "Chiori Template".[0m                                                                                     --> 04:13:42.1858 Debug 3   60     PluginManager.php
[0;31mMaking SELECT query "SELECT * FROM `hooks` WHERE `siteID` = 'applebloom'" which returned with error: "Table 'chiorifw.[0m --> 04:13:42.1863 Warning   148    DatabaseEngine.php
hooks' doesn't exist".[0m
[0;36mSearching for "accounts.applebloom.co//login" within FW Database.[0m                                                      --> 04:13:42.1868 Debug 3   25     Template.php
[0;36mMaking SELECT query "SELECT * FROM `pages` WHERE (`site` = '' OR `site` = 'accounts') AND `domain` = 'applebloom.co'" [0m --> 04:13:42.1872 Debug 2   158    DatabaseEngine.php
which returned 5 row(s).[0m
[0;36mMaking SELECT query "SELECT * FROM `pages` WHERE (`site` = '' OR `site` = 'accounts') AND `domain` = ''" which returne[0m --> 04:13:42.1876 Debug 2   158    DatabaseEngine.php
d 1 row(s).[0m
[0;36mMaking SELECT query "SELECT * FROM `users` WHERE (`username` = '7089123702' OR `userID` = '7089123702' OR `phone` = '7[0m --> 04:13:42.1887 Debug 2   158    DatabaseEngine.php
089123702' OR `email` = '7089123702') AND (`password` = '2ia3trCG' OR md5(`password`) = '2ia3trCG') LIMIT 0, 1" which re[0m
turned 1 row(s).[0m
[0;36mMaking SELECT query "SELECT * FROM `accounts_access` WHERE `accessID` = '0' LIMIT 0, 1" which returned 1 row(s).[0m       --> 04:13:42.1891 Debug 2   158    DatabaseEngine.php
ChioriDB: Making UPDATE query "UPDATE users SET `lastactive` = '1362435222.1893' WHERE userID = 'cg092m' LIMIT 1;" which[0m --> 04:13:42.1897 Debug 1   336    DatabaseEngine.php
 affected 1 rows.[0m
ChioriDB: Making UPDATE query "UPDATE users SET `lastlogin` = '1362435222.1899' WHERE userID = 'cg092m' LIMIT 1;" which [0m --> 04:13:42.1902 Debug 1   336    DatabaseEngine.php
affected 1 rows.[0m
ChioriDB: Making UPDATE query "UPDATE users SET `numloginfail` = '0' WHERE userID = 'cg092m' LIMIT 1;" which affected 0 [0m --> 04:13:42.1906 Debug 1   336    DatabaseEngine.php
rows.[0m
Login Success: Username "7089123702", UserID "cg092m", Password "2ia3trCG", Redirecting to "http://accounts.applebloom.c[0m --> 04:13:42.1908 Info      119    UserService.php
o/pages/misc/system_status".[0m
[0;36mMaking SELECT query "SELECT * FROM `users` WHERE (`username` = '7089123702' OR `userID` = '7089123702' OR `phone` = '7[0m --> 04:13:42.1916 Debug 2   158    DatabaseEngine.php
089123702' OR `email` = '7089123702') AND (`password` = '2ia3trCG' OR md5(`password`) = '2ia3trCG') LIMIT 0, 1" which re[0m
turned 1 row(s).[0m
[0;36mMaking SELECT query "SELECT * FROM `accounts_access` WHERE `accessID` = '0' LIMIT 0, 1" which returned 1 row(s).[0m       --> 04:13:42.1920 Debug 2   158    DatabaseEngine.php
ChioriDB: Making UPDATE query "UPDATE users SET `lastactive` = '1362435222.1922' WHERE userID = 'cg092m' LIMIT 1;" which[0m --> 04:13:42.1925 Debug 1   336    DatabaseEngine.php
 affected 1 rows.[0m
ChioriDB: Making UPDATE query "UPDATE users SET `lastlogin` = '1362435222.1927' WHERE userID = 'cg092m' LIMIT 1;" which [0m --> 04:13:42.1930 Debug 1   336    DatabaseEngine.php
affected 1 rows.[0m
ChioriDB: Making UPDATE query "UPDATE users SET `numloginfail` = '0' WHERE userID = 'cg092m' LIMIT 1;" which affected 0 [0m --> 04:13:42.1934 Debug 1   336    DatabaseEngine.php
rows.[0m
Login Success: Username "7089123702", UserID "cg092m", Password "2ia3trCG", Redirecting to "http://accounts.applebloom.c[0m --> 04:13:42.1936 Info      119    UserService.php
o/pages/misc/system_status".[0m
Retrieving File: /home/chiori/applebloom.co/protected5/co/applebloom/includes/common.inc.php[0m                             --> 04:13:42.1942 Debug 3   94     Server.php
Retrieving File: /home/chiori/applebloom.co/protected5/co/applebloom/themes/login.inc.php[0m                                --> 04:13:42.1947 Debug 3   94     Server.php
[0;36mNow Initalizing Chiori Framework 5.1.0304 (Scootaloo)[0m                                                                  --> 04:13:42.3299 Debug 3   98     ChioriFramework.php
[0;36mCopyright © 2013 Apple Bloom Company[0m                                                                                  --> 04:13:42.3301 Debug 3   99     ChioriFramework.php
[0;36mFramework Spawned as PID: 26639[0m                                                                                        --> 04:13:42.3302 Debug 3   100    ChioriFramework.php
[0;36mLoading Framework Configuration[0m                                                                                        --> 04:13:42.3303 Debug 3   103    ChioriFramework.php
[0;34mMade successful connection to "chiorifw".[0m                                                                              --> 04:13:42.3310 Debug     42     DatabaseEngine.php
[0;36mLoading Site Configuration[0m                                                                                             --> 04:13:42.3314 Debug 3   118    ChioriFramework.php
[0;34mMade successful connection to "chiori".[0m                                                                                --> 04:13:42.3319 Debug     42     DatabaseEngine.php
[0;36mMaking SELECT query "SELECT * FROM `sites` WHERE `siteID` = 'applebloom' LIMIT 0, 1" which returned 1 row(s).[0m          --> 04:13:42.3326 Debug 2   158    DatabaseEngine.php
[0;36mMaking SELECT query "SELECT * FROM `plugins` WHERE `siteID` = 'applebloom'" which returned 1 row(s).[0m                   --> 04:13:42.3329 Debug 2   158    DatabaseEngine.php
[0;34mLoading "/home/chiori/applebloom.co/protected5/com/chiorichan/plugin/Template.php"[0m                                     --> 04:13:42.3331 Debug 3   231    Constructor.php
[0;34mLoading "/home/chiori/applebloom.co/protected5/com/chiorichan/exception/TemplateException.php"[0m                         --> 04:13:42.3347 Debug 3   231    Constructor.php
[0;34mEnabling Plugin "Chiori Template".[0m                                                                                     --> 04:13:42.3350 Debug 3   60     PluginManager.php
[0;31mMaking SELECT query "SELECT * FROM `hooks` WHERE `siteID` = 'applebloom'" which returned with error: "Table 'chiorifw.[0m --> 04:13:42.3355 Warning   148    DatabaseEngine.php
hooks' doesn't exist".[0m
[0;36mSearching for "accounts.applebloom.co//pages/misc/system_status" within FW Database.[0m                                   --> 04:13:42.3359 Debug 3   25     Template.php
[0;36mMaking SELECT query "SELECT * FROM `pages` WHERE (`site` = '' OR `site` = 'accounts') AND `domain` = 'applebloom.co'" [0m --> 04:13:42.3363 Debug 2   158    DatabaseEngine.php
which returned 5 row(s).[0m
[0;36mMaking SELECT query "SELECT * FROM `pages` WHERE (`site` = '' OR `site` = 'accounts') AND `domain` = ''" which returne[0m --> 04:13:42.3367 Debug 2   158    DatabaseEngine.php
d 1 row(s).[0m
[0;36mMaking SELECT query "SELECT * FROM `users` WHERE (`username` = 'cg092m' OR `userID` = 'cg092m' OR `phone` = 'cg092m' O[0m --> 04:13:42.3379 Debug 2   158    DatabaseEngine.php
R `email` = 'cg092m') AND (`password` = '19ef3e37152ce992902541fb3acd94d8' OR md5(`password`) = '19ef3e37152ce992902541f[0m
b3acd94d8') LIMIT 0, 1" which returned 1 row(s).[0m
[0;36mMaking SELECT query "SELECT * FROM `accounts_access` WHERE `accessID` = '0' LIMIT 0, 1" which returned 1 row(s).[0m       --> 04:13:42.3383 Debug 2   158    DatabaseEngine.php
ChioriDB: Making UPDATE query "UPDATE users SET `lastactive` = '1362435222.3385' WHERE userID = 'cg092m' LIMIT 1;" which[0m --> 04:13:42.3388 Debug 1   336    DatabaseEngine.php
 affected 1 rows.[0m
Login Status: Username "Chiori Greene", UserID "cg092m", Name "Chiori Greene", Rank Title "Root Account".[0m                --> 04:13:42.3390 Info      144    UserService.php
[0;36mMaking SELECT query "SELECT * FROM `users` WHERE username = 'cg092m' LIMIT 0, 1" which returned 0 row(s).[0m              --> 04:13:42.3397 Debug 2   158    DatabaseEngine.php
[0;36mMaking SELECT query "SELECT * FROM `accounts_access` WHERE accessID = '' LIMIT 0, 1" which returned 0 row(s).[0m          --> 04:13:42.3400 Debug 2   158    DatabaseEngine.php
[0;36mMaking SELECT query "SELECT * FROM `users` WHERE username = 'cg092m' LIMIT 0, 1" which returned 0 row(s).[0m              --> 04:13:42.3404 Debug 2   158    DatabaseEngine.php
[0;36mMaking SELECT query "SELECT * FROM `accounts_access` WHERE accessID = '' LIMIT 0, 1" which returned 0 row(s).[0m          --> 04:13:42.3407 Debug 2   158    DatabaseEngine.php
[0;36mMaking SELECT query "SELECT * FROM `users` WHERE (`username` = 'cg092m' OR `userID` = 'cg092m' OR `phone` = 'cg092m' O[0m --> 04:13:42.3415 Debug 2   158    DatabaseEngine.php
R `email` = 'cg092m') AND (`password` = '19ef3e37152ce992902541fb3acd94d8' OR md5(`password`) = '19ef3e37152ce992902541f[0m
b3acd94d8') LIMIT 0, 1" which returned 1 row(s).[0m
[0;36mMaking SELECT query "SELECT * FROM `accounts_access` WHERE `accessID` = '0' LIMIT 0, 1" which returned 1 row(s).[0m       --> 04:13:42.3419 Debug 2   158    DatabaseEngine.php
ChioriDB: Making UPDATE query "UPDATE users SET `lastactive` = '1362435222.3421' WHERE userID = 'cg092m' LIMIT 1;" which[0m --> 04:13:42.3424 Debug 1   336    DatabaseEngine.php
 affected 1 rows.[0m
Login Status: Username "Chiori Greene", UserID "cg092m", Name "Chiori Greene", Rank Title "Root Account".[0m                --> 04:13:42.3426 Info      144    UserService.php
[0;36mMaking SELECT query "SELECT * FROM `users` WHERE username = 'cg092m' LIMIT 0, 1" which returned 0 row(s).[0m              --> 04:13:42.3431 Debug 2   158    DatabaseEngine.php
[0;36mMaking SELECT query "SELECT * FROM `accounts_access` WHERE accessID = '' LIMIT 0, 1" which returned 0 row(s).[0m          --> 04:13:42.3435 Debug 2   158    DatabaseEngine.php
[0;36mMaking SELECT query "SELECT * FROM `users` WHERE username = 'cg092m' LIMIT 0, 1" which returned 0 row(s).[0m              --> 04:13:42.3438 Debug 2   158    DatabaseEngine.php
[0;36mMaking SELECT query "SELECT * FROM `accounts_access` WHERE accessID = '' LIMIT 0, 1" which returned 0 row(s).[0m          --> 04:13:42.3441 Debug 2   158    DatabaseEngine.php
[0;36mMaking SELECT query "SELECT * FROM `settings_default` WHERE `key` = 'CHIORI_DIAGNOSTICS_MODE' LIMIT 0, 1" which return[0m --> 04:13:42.3623 Debug 2   158    DatabaseEngine.php
ed 1 row(s).[0m
[0;36mMaking SELECT query "SELECT * FROM `settings_custom` WHERE `key` = 'CHIORI_DIAGNOSTICS_MODE' AND `owner` = 'cg092m' LI[0m --> 04:13:42.3628 Debug 2   158    DatabaseEngine.php
MIT 0, 1" which returned 0 row(s).[0m
ChioriSettings: Retrived "CHIORI_DIAGNOSTICS_MODE" setting from database using idenifier "cg092m", Result: "0"[0m           --> 04:13:42.3630 Debug 2   233    ConfigurationManager.php
[0;36mMaking SELECT query "SELECT * FROM `settings_default` WHERE `key` = 'USER_FORCE_PASS_CHANGE' LIMIT 0, 1" which returne[0m --> 04:13:42.3634 Debug 2   158    DatabaseEngine.php
d 1 row(s).[0m
[0;36mMaking SELECT query "SELECT * FROM `settings_custom` WHERE `key` = 'USER_FORCE_PASS_CHANGE' AND `owner` = 'cg092m' LIM[0m --> 04:13:42.3637 Debug 2   158    DatabaseEngine.php
IT 0, 1" which returned 0 row(s).[0m
ChioriSettings: Retrived "USER_FORCE_PASS_CHANGE" setting from database using idenifier "cg092m", Result: "0"[0m            --> 04:13:42.3639 Debug 2   233    ConfigurationManager.php
[0;36mMaking SELECT query "SELECT * FROM `users` WHERE (`username` = 'cg092m' OR `userID` = 'cg092m' OR `phone` = 'cg092m' O[0m --> 04:13:42.3650 Debug 2   158    DatabaseEngine.php
R `email` = 'cg092m') AND (`password` = '19ef3e37152ce992902541fb3acd94d8' OR md5(`password`) = '19ef3e37152ce992902541f[0m
b3acd94d8') LIMIT 0, 1" which returned 1 row(s).[0m
[0;36mMaking SELECT query "SELECT * FROM `accounts_access` WHERE `accessID` = '0' LIMIT 0, 1" which returned 1 row(s).[0m       --> 04:13:42.3654 Debug 2   158    DatabaseEngine.php
ChioriDB: Making UPDATE query "UPDATE users SET `lastactive` = '1362435222.3656' WHERE userID = 'cg092m' LIMIT 1;" which[0m --> 04:13:42.3659 Debug 1   336    DatabaseEngine.php
 affected 1 rows.[0m
Login Status: Username "Chiori Greene", UserID "cg092m", Name "Chiori Greene", Rank Title "Root Account".[0m                --> 04:13:42.3662 Info      144    UserService.php
[0;36mMaking SELECT query "SELECT * FROM `users` WHERE username = 'cg092m' LIMIT 0, 1" which returned 0 row(s).[0m              --> 04:13:42.3667 Debug 2   158    DatabaseEngine.php
[0;36mMaking SELECT query "SELECT * FROM `accounts_access` WHERE accessID = '' LIMIT 0, 1" which returned 0 row(s).[0m          --> 04:13:42.3670 Debug 2   158    DatabaseEngine.php
[0;36mMaking SELECT query "SELECT * FROM `users` WHERE username = 'cg092m' LIMIT 0, 1" which returned 0 row(s).[0m              --> 04:13:42.3675 Debug 2   158    DatabaseEngine.php
[0;36mMaking SELECT query "SELECT * FROM `accounts_access` WHERE accessID = '' LIMIT 0, 1" which returned 0 row(s).[0m          --> 04:13:42.3678 Debug 2   158    DatabaseEngine.php
[0;36mMaking SELECT query "SELECT * FROM `users` WHERE (`username` = 'cg092m' OR `userID` = 'cg092m' OR `phone` = 'cg092m' O[0m --> 04:13:42.3687 Debug 2   158    DatabaseEngine.php
R `email` = 'cg092m') AND (`password` = '19ef3e37152ce992902541fb3acd94d8' OR md5(`password`) = '19ef3e37152ce992902541f[0m
b3acd94d8') LIMIT 0, 1" which returned 1 row(s).[0m
[0;36mMaking SELECT query "SELECT * FROM `accounts_access` WHERE `accessID` = '0' LIMIT 0, 1" which returned 1 row(s).[0m       --> 04:13:42.3691 Debug 2   158    DatabaseEngine.php
ChioriDB: Making UPDATE query "UPDATE users SET `lastactive` = '1362435222.3693' WHERE userID = 'cg092m' LIMIT 1;" which[0m --> 04:13:42.3696 Debug 1   336    DatabaseEngine.php
 affected 1 rows.[0m
Login Status: Username "Chiori Greene", UserID "cg092m", Name "Chiori Greene", Rank Title "Root Account".[0m                --> 04:13:42.3698 Info      144    UserService.php
[0;36mMaking SELECT query "SELECT * FROM `users` WHERE username = 'cg092m' LIMIT 0, 1" which returned 0 row(s).[0m              --> 04:13:42.3704 Debug 2   158    DatabaseEngine.php
[0;36mMaking SELECT query "SELECT * FROM `accounts_access` WHERE accessID = '' LIMIT 0, 1" which returned 0 row(s).[0m          --> 04:13:42.3707 Debug 2   158    DatabaseEngine.php
[0;36mMaking SELECT query "SELECT * FROM `users` WHERE username = 'cg092m' LIMIT 0, 1" which returned 0 row(s).[0m              --> 04:13:42.3711 Debug 2   158    DatabaseEngine.php
[0;36mMaking SELECT query "SELECT * FROM `accounts_access` WHERE accessID = '' LIMIT 0, 1" which returned 0 row(s).[0m          --> 04:13:42.3714 Debug 2   158    DatabaseEngine.php
Retrieving File: /home/chiori/applebloom.co/protected5/co/applebloom/includes/common.inc.php[0m                             --> 04:13:42.3717 Debug 3   94     Server.php
Retrieving File: /home/chiori/applebloom.co/protected5/co/applebloom/includes/default.inc.php[0m                            --> 04:13:42.3722 Debug 3   94     Server.php
Retrieving File: /home/chiori/applebloom.co/protected5/co/applebloom/themes/default.inc.php[0m                              --> 04:13:42.3725 Debug 3   94     Server.php
Retrieving File: /home/chiori/applebloom.co/protected5/co/applebloom/widget/usermenu.inc.php[0m                             --> 04:13:42.3729 Debug 3   94     Server.php
[0;36mNow Initalizing Chiori Framework 5.1.0304 (Scootaloo)[0m                                                                  --> 04:13:47.7140 Debug 3   98     ChioriFramework.php
[0;36mCopyright © 2013 Apple Bloom Company[0m                                                                                  --> 04:13:47.7143 Debug 3   99     ChioriFramework.php
[0;36mFramework Spawned as PID: 26655[0m                                                                                        --> 04:13:47.7144 Debug 3   100    ChioriFramework.php
[0;36mLoading Framework Configuration[0m                                                                                        --> 04:13:47.7145 Debug 3   103    ChioriFramework.php
[0;34mMade successful connection to "chiorifw".[0m                                                                              --> 04:13:47.7189 Debug     42     DatabaseEngine.php
[0;36mLoading Site Configuration[0m                                                                                             --> 04:13:47.7192 Debug 3   118    ChioriFramework.php
[0;34mMade successful connection to "chiori".[0m                                                                                --> 04:13:47.7201 Debug     42     DatabaseEngine.php
[0;36mMaking SELECT query "SELECT * FROM `sites` WHERE `siteID` = 'applebloom' LIMIT 0, 1" which returned 1 row(s).[0m          --> 04:13:47.7209 Debug 2   158    DatabaseEngine.php
[0;36mMaking SELECT query "SELECT * FROM `plugins` WHERE `siteID` = 'applebloom'" which returned 1 row(s).[0m                   --> 04:13:47.7213 Debug 2   158    DatabaseEngine.php
[0;34mLoading "/home/chiori/applebloom.co/protected5/com/chiorichan/plugin/Template.php"[0m                                     --> 04:13:47.7215 Debug 3   231    Constructor.php
[0;34mLoading "/home/chiori/applebloom.co/protected5/com/chiorichan/exception/TemplateException.php"[0m                         --> 04:13:47.7232 Debug 3   231    Constructor.php
[0;34mEnabling Plugin "Chiori Template".[0m                                                                                     --> 04:13:47.7236 Debug 3   60     PluginManager.php
[0;31mMaking SELECT query "SELECT * FROM `hooks` WHERE `siteID` = 'applebloom'" which returned with error: "Table 'chiorifw.[0m --> 04:13:47.7240 Warning   148    DatabaseEngine.php
hooks' doesn't exist".[0m
[0;36mSearching for "web.applebloom.co//pages/locations" within FW Database.[0m                                                 --> 04:13:47.7245 Debug 3   25     Template.php
[0;36mMaking SELECT query "SELECT * FROM `pages` WHERE (`site` = '' OR `site` = 'web') AND `domain` = 'applebloom.co'" which[0m --> 04:13:47.7250 Debug 2   158    DatabaseEngine.php
 returned 12 row(s).[0m
[0;36mMaking SELECT query "SELECT * FROM `pages` WHERE (`site` = '' OR `site` = 'web') AND `domain` = ''" which returned 1 r[0m --> 04:13:47.7254 Debug 2   158    DatabaseEngine.php
ow(s).[0m
[0;36mMaking SELECT query "SELECT * FROM `users` WHERE (`username` = 'cg092m' OR `userID` = 'cg092m' OR `phone` = 'cg092m' O[0m --> 04:13:47.7270 Debug 2   158    DatabaseEngine.php
R `email` = 'cg092m') AND (`password` = '19ef3e37152ce992902541fb3acd94d8' OR md5(`password`) = '19ef3e37152ce992902541f[0m
b3acd94d8') LIMIT 0, 1" which returned 1 row(s).[0m
[0;36mMaking SELECT query "SELECT * FROM `accounts_access` WHERE `accessID` = '0' LIMIT 0, 1" which returned 1 row(s).[0m       --> 04:13:47.7276 Debug 2   158    DatabaseEngine.php
ChioriDB: Making UPDATE query "UPDATE users SET `lastactive` = '1362435227.7278' WHERE userID = 'cg092m' LIMIT 1;" which[0m --> 04:13:47.7281 Debug 1   336    DatabaseEngine.php
 affected 1 rows.[0m
Login Status: Username "Chiori Greene", UserID "cg092m", Name "Chiori Greene", Rank Title "Root Account".[0m                --> 04:13:47.7284 Info      144    UserService.php
[0;36mMaking SELECT query "SELECT * FROM `users` WHERE (`username` = 'cg092m' OR `userID` = 'cg092m' OR `phone` = 'cg092m' O[0m --> 04:13:47.7292 Debug 2   158    DatabaseEngine.php
R `email` = 'cg092m') AND (`password` = '19ef3e37152ce992902541fb3acd94d8' OR md5(`password`) = '19ef3e37152ce992902541f[0m
b3acd94d8') LIMIT 0, 1" which returned 1 row(s).[0m
[0;36mMaking SELECT query "SELECT * FROM `accounts_access` WHERE `accessID` = '0' LIMIT 0, 1" which returned 1 row(s).[0m       --> 04:13:47.7296 Debug 2   158    DatabaseEngine.php
ChioriDB: Making UPDATE query "UPDATE users SET `lastactive` = '1362435227.7298' WHERE userID = 'cg092m' LIMIT 1;" which[0m --> 04:13:47.7301 Debug 1   336    DatabaseEngine.php
 affected 1 rows.[0m
Login Status: Username "Chiori Greene", UserID "cg092m", Name "Chiori Greene", Rank Title "Root Account".[0m                --> 04:13:47.7303 Info      144    UserService.php
[0;36mNow Initalizing Chiori Framework 5.1.0304 (Scootaloo)[0m                                                                  --> 04:13:47.7456 Debug 3   98     ChioriFramework.php
[0;36mCopyright © 2013 Apple Bloom Company[0m                                                                                  --> 04:13:47.7458 Debug 3   99     ChioriFramework.php
[0;36mFramework Spawned as PID: 26655[0m                                                                                        --> 04:13:47.7459 Debug 3   100    ChioriFramework.php
[0;36mLoading Framework Configuration[0m                                                                                        --> 04:13:47.7460 Debug 3   103    ChioriFramework.php
[0;34mMade successful connection to "chiorifw".[0m                                                                              --> 04:13:47.7466 Debug     42     DatabaseEngine.php
[0;36mLoading Site Configuration[0m                                                                                             --> 04:13:47.7469 Debug 3   118    ChioriFramework.php
[0;34mMade successful connection to "chiori".[0m                                                                                --> 04:13:47.7476 Debug     42     DatabaseEngine.php
[0;36mMaking SELECT query "SELECT * FROM `sites` WHERE `siteID` = 'applebloom' LIMIT 0, 1" which returned 1 row(s).[0m          --> 04:13:47.7483 Debug 2   158    DatabaseEngine.php
[0;36mMaking SELECT query "SELECT * FROM `plugins` WHERE `siteID` = 'applebloom'" which returned 1 row(s).[0m                   --> 04:13:47.7487 Debug 2   158    DatabaseEngine.php
[0;34mLoading "/home/chiori/applebloom.co/protected5/com/chiorichan/plugin/Template.php"[0m                                     --> 04:13:47.7489 Debug 3   231    Constructor.php
[0;34mLoading "/home/chiori/applebloom.co/protected5/com/chiorichan/exception/TemplateException.php"[0m                         --> 04:13:47.7504 Debug 3   231    Constructor.php
[0;34mEnabling Plugin "Chiori Template".[0m                                                                                     --> 04:13:47.7507 Debug 3   60     PluginManager.php
[0;31mMaking SELECT query "SELECT * FROM `hooks` WHERE `siteID` = 'applebloom'" which returned with error: "Table 'chiorifw.[0m --> 04:13:47.7512 Warning   148    DatabaseEngine.php
hooks' doesn't exist".[0m
[0;36mSearching for "web.applebloom.co//pages/index" within FW Database.[0m                                                     --> 04:13:47.7516 Debug 3   25     Template.php
[0;36mMaking SELECT query "SELECT * FROM `pages` WHERE (`site` = '' OR `site` = 'web') AND `domain` = 'applebloom.co'" which[0m --> 04:13:47.7520 Debug 2   158    DatabaseEngine.php
 returned 12 row(s).[0m
[0;36mMaking SELECT query "SELECT * FROM `pages` WHERE (`site` = '' OR `site` = 'web') AND `domain` = ''" which returned 1 r[0m --> 04:13:47.7524 Debug 2   158    DatabaseEngine.php
ow(s).[0m
[0;36mMaking SELECT query "SELECT * FROM `users` WHERE (`username` = 'cg092m' OR `userID` = 'cg092m' OR `phone` = 'cg092m' O[0m --> 04:13:47.7537 Debug 2   158    DatabaseEngine.php
R `email` = 'cg092m') AND (`password` = '19ef3e37152ce992902541fb3acd94d8' OR md5(`password`) = '19ef3e37152ce992902541f[0m
b3acd94d8') LIMIT 0, 1" which returned 1 row(s).[0m
[0;36mMaking SELECT query "SELECT * FROM `accounts_access` WHERE `accessID` = '0' LIMIT 0, 1" which returned 1 row(s).[0m       --> 04:13:47.7542 Debug 2   158    DatabaseEngine.php
ChioriDB: Making UPDATE query "UPDATE users SET `lastactive` = '1362435227.7544' WHERE userID = 'cg092m' LIMIT 1;" which[0m --> 04:13:47.7547 Debug 1   336    DatabaseEngine.php
 affected 1 rows.[0m
Login Status: Username "Chiori Greene", UserID "cg092m", Name "Chiori Greene", Rank Title "Root Account".[0m                --> 04:13:47.7549 Info      144    UserService.php
[0;36mMaking SELECT query "SELECT * FROM `users` WHERE (`username` = 'cg092m' OR `userID` = 'cg092m' OR `phone` = 'cg092m' O[0m --> 04:13:47.7558 Debug 2   158    DatabaseEngine.php
R `email` = 'cg092m') AND (`password` = '19ef3e37152ce992902541fb3acd94d8' OR md5(`password`) = '19ef3e37152ce992902541f[0m
b3acd94d8') LIMIT 0, 1" which returned 1 row(s).[0m
[0;36mMaking SELECT query "SELECT * FROM `accounts_access` WHERE `accessID` = '0' LIMIT 0, 1" which returned 1 row(s).[0m       --> 04:13:47.7562 Debug 2   158    DatabaseEngine.php
ChioriDB: Making UPDATE query "UPDATE users SET `lastactive` = '1362435227.7564' WHERE userID = 'cg092m' LIMIT 1;" which[0m --> 04:13:47.7567 Debug 1   336    DatabaseEngine.php
 affected 1 rows.[0m
Login Status: Username "Chiori Greene", UserID "cg092m", Name "Chiori Greene", Rank Title "Root Account".[0m                --> 04:13:47.7569 Info      144    UserService.php
Retrieving File: /home/chiori/applebloom.co/protected5/co/applebloom/includes/common.inc.php[0m                             --> 04:13:47.7574 Debug 3   94     Server.php
Retrieving File: /home/chiori/applebloom.co/protected5/co/applebloom/themes/index.inc.php[0m                                --> 04:13:47.7578 Debug 3   94     Server.php
Retrieving File: /home/chiori/applebloom.co/protected5/co/applebloom/widget/sidemenu.inc.php[0m                             --> 04:13:47.7582 Debug 3   94     Server.php
[0;36mNow Initalizing Chiori Framework 5.1.0304 (Scootaloo)[0m                                                                  --> 04:13:49.6488 Debug 3   98     ChioriFramework.php
[0;36mCopyright © 2013 Apple Bloom Company[0m                                                                                  --> 04:13:49.6490 Debug 3   99     ChioriFramework.php
[0;36mFramework Spawned as PID: 26655[0m                                                                                        --> 04:13:49.6491 Debug 3   100    ChioriFramework.php
[0;36mLoading Framework Configuration[0m                                                                                        --> 04:13:49.6492 Debug 3   103    ChioriFramework.php
[0;34mMade successful connection to "chiorifw".[0m                                                                              --> 04:13:49.6499 Debug     42     DatabaseEngine.php
[0;36mLoading Site Configuration[0m                                                                                             --> 04:13:49.6502 Debug 3   118    ChioriFramework.php
[0;34mMade successful connection to "chiori".[0m                                                                                --> 04:13:49.6508 Debug     42     DatabaseEngine.php
[0;36mMaking SELECT query "SELECT * FROM `sites` WHERE `siteID` = 'applebloom' LIMIT 0, 1" which returned 1 row(s).[0m          --> 04:13:49.6515 Debug 2   158    DatabaseEngine.php
[0;36mMaking SELECT query "SELECT * FROM `plugins` WHERE `siteID` = 'applebloom'" which returned 1 row(s).[0m                   --> 04:13:49.6519 Debug 2   158    DatabaseEngine.php
[0;34mLoading "/home/chiori/applebloom.co/protected5/com/chiorichan/plugin/Template.php"[0m                                     --> 04:13:49.6521 Debug 3   231    Constructor.php
[0;34mLoading "/home/chiori/applebloom.co/protected5/com/chiorichan/exception/TemplateException.php"[0m                         --> 04:13:49.6536 Debug 3   231    Constructor.php
[0;34mEnabling Plugin "Chiori Template".[0m                                                                                     --> 04:13:49.6539 Debug 3   60     PluginManager.php
[0;31mMaking SELECT query "SELECT * FROM `hooks` WHERE `siteID` = 'applebloom'" which returned with error: "Table 'chiorifw.[0m --> 04:13:49.6544 Warning   148    DatabaseEngine.php
hooks' doesn't exist".[0m
[0;36mSearching for "web.applebloom.co//" within FW Database.[0m                                                                --> 04:13:49.6548 Debug 3   25     Template.php
[0;36mMaking SELECT query "SELECT * FROM `pages` WHERE (`site` = '' OR `site` = 'web') AND `domain` = 'applebloom.co'" which[0m --> 04:13:49.6552 Debug 2   158    DatabaseEngine.php
 returned 12 row(s).[0m
[0;36mMaking SELECT query "SELECT * FROM `pages` WHERE (`site` = '' OR `site` = 'web') AND `domain` = ''" which returned 1 r[0m --> 04:13:49.6556 Debug 2   158    DatabaseEngine.php
ow(s).[0m
[0;36mMaking SELECT query "SELECT * FROM `users` WHERE (`username` = 'cg092m' OR `userID` = 'cg092m' OR `phone` = 'cg092m' O[0m --> 04:13:49.6569 Debug 2   158    DatabaseEngine.php
R `email` = 'cg092m') AND (`password` = '19ef3e37152ce992902541fb3acd94d8' OR md5(`password`) = '19ef3e37152ce992902541f[0m
b3acd94d8') LIMIT 0, 1" which returned 1 row(s).[0m
[0;36mMaking SELECT query "SELECT * FROM `accounts_access` WHERE `accessID` = '0' LIMIT 0, 1" which returned 1 row(s).[0m       --> 04:13:49.6572 Debug 2   158    DatabaseEngine.php
ChioriDB: Making UPDATE query "UPDATE users SET `lastactive` = '1362435229.6574' WHERE userID = 'cg092m' LIMIT 1;" which[0m --> 04:13:49.6578 Debug 1   336    DatabaseEngine.php
 affected 1 rows.[0m
Login Status: Username "Chiori Greene", UserID "cg092m", Name "Chiori Greene", Rank Title "Root Account".[0m                --> 04:13:49.6581 Info      144    UserService.php
[0;36mMaking SELECT query "SELECT * FROM `users` WHERE (`username` = 'cg092m' OR `userID` = 'cg092m' OR `phone` = 'cg092m' O[0m --> 04:13:49.6589 Debug 2   158    DatabaseEngine.php
R `email` = 'cg092m') AND (`password` = '19ef3e37152ce992902541fb3acd94d8' OR md5(`password`) = '19ef3e37152ce992902541f[0m
b3acd94d8') LIMIT 0, 1" which returned 1 row(s).[0m
[0;36mMaking SELECT query "SELECT * FROM `accounts_access` WHERE `accessID` = '0' LIMIT 0, 1" which returned 1 row(s).[0m       --> 04:13:49.6593 Debug 2   158    DatabaseEngine.php
ChioriDB: Making UPDATE query "UPDATE users SET `lastactive` = '1362435229.6596' WHERE userID = 'cg092m' LIMIT 1;" which[0m --> 04:13:49.6599 Debug 1   336    DatabaseEngine.php
 affected 1 rows.[0m
Login Status: Username "Chiori Greene", UserID "cg092m", Name "Chiori Greene", Rank Title "Root Account".[0m                --> 04:13:49.6601 Info      144    UserService.php
[0;36mNow Initalizing Chiori Framework 5.1.0304 (Scootaloo)[0m                                                                  --> 04:13:49.6755 Debug 3   98     ChioriFramework.php
[0;36mCopyright © 2013 Apple Bloom Company[0m                                                                                  --> 04:13:49.6757 Debug 3   99     ChioriFramework.php
[0;36mFramework Spawned as PID: 26655[0m                                                                                        --> 04:13:49.6758 Debug 3   100    ChioriFramework.php
[0;36mLoading Framework Configuration[0m                                                                                        --> 04:13:49.6759 Debug 3   103    ChioriFramework.php
[0;34mMade successful connection to "chiorifw".[0m                                                                              --> 04:13:49.6765 Debug     42     DatabaseEngine.php
[0;36mLoading Site Configuration[0m                                                                                             --> 04:13:49.6768 Debug 3   118    ChioriFramework.php
[0;34mMade successful connection to "chiori".[0m                                                                                --> 04:13:49.6773 Debug     42     DatabaseEngine.php
[0;36mMaking SELECT query "SELECT * FROM `sites` WHERE `siteID` = 'applebloom' LIMIT 0, 1" which returned 1 row(s).[0m          --> 04:13:49.6780 Debug 2   158    DatabaseEngine.php
[0;36mMaking SELECT query "SELECT * FROM `plugins` WHERE `siteID` = 'applebloom'" which returned 1 row(s).[0m                   --> 04:13:49.6783 Debug 2   158    DatabaseEngine.php
[0;34mLoading "/home/chiori/applebloom.co/protected5/com/chiorichan/plugin/Template.php"[0m                                     --> 04:13:49.6785 Debug 3   231    Constructor.php
[0;34mLoading "/home/chiori/applebloom.co/protected5/com/chiorichan/exception/TemplateException.php"[0m                         --> 04:13:49.6800 Debug 3   231    Constructor.php
[0;34mEnabling Plugin "Chiori Template".[0m                                                                                     --> 04:13:49.6803 Debug 3   60     PluginManager.php
[0;31mMaking SELECT query "SELECT * FROM `hooks` WHERE `siteID` = 'applebloom'" which returned with error: "Table 'chiorifw.[0m --> 04:13:49.6808 Warning   148    DatabaseEngine.php
hooks' doesn't exist".[0m
[0;36mSearching for "web.applebloom.co//pages/index" within FW Database.[0m                                                     --> 04:13:49.6811 Debug 3   25     Template.php
[0;36mMaking SELECT query "SELECT * FROM `pages` WHERE (`site` = '' OR `site` = 'web') AND `domain` = 'applebloom.co'" which[0m --> 04:13:49.6816 Debug 2   158    DatabaseEngine.php
 returned 12 row(s).[0m
[0;36mMaking SELECT query "SELECT * FROM `pages` WHERE (`site` = '' OR `site` = 'web') AND `domain` = ''" which returned 1 r[0m --> 04:13:49.6820 Debug 2   158    DatabaseEngine.php
ow(s).[0m
[0;36mMaking SELECT query "SELECT * FROM `users` WHERE (`username` = 'cg092m' OR `userID` = 'cg092m' OR `phone` = 'cg092m' O[0m --> 04:13:49.6832 Debug 2   158    DatabaseEngine.php
R `email` = 'cg092m') AND (`password` = '19ef3e37152ce992902541fb3acd94d8' OR md5(`password`) = '19ef3e37152ce992902541f[0m
b3acd94d8') LIMIT 0, 1" which returned 1 row(s).[0m
[0;36mMaking SELECT query "SELECT * FROM `accounts_access` WHERE `accessID` = '0' LIMIT 0, 1" which returned 1 row(s).[0m       --> 04:13:49.6836 Debug 2   158    DatabaseEngine.php
ChioriDB: Making UPDATE query "UPDATE users SET `lastactive` = '1362435229.6838' WHERE userID = 'cg092m' LIMIT 1;" which[0m --> 04:13:49.6842 Debug 1   336    DatabaseEngine.php
 affected 1 rows.[0m
Login Status: Username "Chiori Greene", UserID "cg092m", Name "Chiori Greene", Rank Title "Root Account".[0m                --> 04:13:49.6844 Info      144    UserService.php
[0;36mMaking SELECT query "SELECT * FROM `users` WHERE (`username` = 'cg092m' OR `userID` = 'cg092m' OR `phone` = 'cg092m' O[0m --> 04:13:49.6852 Debug 2   158    DatabaseEngine.php
R `email` = 'cg092m') AND (`password` = '19ef3e37152ce992902541fb3acd94d8' OR md5(`password`) = '19ef3e37152ce992902541f[0m
b3acd94d8') LIMIT 0, 1" which returned 1 row(s).[0m
[0;36mMaking SELECT query "SELECT * FROM `accounts_access` WHERE `accessID` = '0' LIMIT 0, 1" which returned 1 row(s).[0m       --> 04:13:49.6856 Debug 2   158    DatabaseEngine.php
ChioriDB: Making UPDATE query "UPDATE users SET `lastactive` = '1362435229.6858' WHERE userID = 'cg092m' LIMIT 1;" which[0m --> 04:13:49.6860 Debug 1   336    DatabaseEngine.php
 affected 1 rows.[0m
Login Status: Username "Chiori Greene", UserID "cg092m", Name "Chiori Greene", Rank Title "Root Account".[0m                --> 04:13:49.6863 Info      144    UserService.php
Retrieving File: /home/chiori/applebloom.co/protected5/co/applebloom/includes/common.inc.php[0m                             --> 04:13:49.6867 Debug 3   94     Server.php
Retrieving File: /home/chiori/applebloom.co/protected5/co/applebloom/themes/index.inc.php[0m                                --> 04:13:49.6871 Debug 3   94     Server.php
Retrieving File: /home/chiori/applebloom.co/protected5/co/applebloom/widget/sidemenu.inc.php[0m                             --> 04:13:49.6875 Debug 3   94     Server.php
[0;36mNow Initalizing Chiori Framework 5.1.0304 (Scootaloo)[0m                                                                  --> 04:13:50.6678 Debug 3   98     ChioriFramework.php
[0;36mCopyright © 2013 Apple Bloom Company[0m                                                                                  --> 04:13:50.6681 Debug 3   99     ChioriFramework.php
[0;36mFramework Spawned as PID: 26660[0m                                                                                        --> 04:13:50.6682 Debug 3   100    ChioriFramework.php
[0;36mLoading Framework Configuration[0m                                                                                        --> 04:13:50.6683 Debug 3   103    ChioriFramework.php
[0;34mMade successful connection to "chiorifw".[0m                                                                              --> 04:13:50.6725 Debug     42     DatabaseEngine.php
[0;36mLoading Site Configuration[0m                                                                                             --> 04:13:50.6728 Debug 3   118    ChioriFramework.php
[0;34mMade successful connection to "chiori".[0m                                                                                --> 04:13:50.6736 Debug     42     DatabaseEngine.php
[0;36mMaking SELECT query "SELECT * FROM `sites` WHERE `siteID` = 'applebloom' LIMIT 0, 1" which returned 1 row(s).[0m          --> 04:13:50.6744 Debug 2   158    DatabaseEngine.php
[0;36mMaking SELECT query "SELECT * FROM `plugins` WHERE `siteID` = 'applebloom'" which returned 1 row(s).[0m                   --> 04:13:50.6747 Debug 2   158    DatabaseEngine.php
[0;34mLoading "/home/chiori/applebloom.co/protected5/com/chiorichan/plugin/Template.php"[0m                                     --> 04:13:50.6749 Debug 3   231    Constructor.php
[0;34mLoading "/home/chiori/applebloom.co/protected5/com/chiorichan/exception/TemplateException.php"[0m                         --> 04:13:50.6767 Debug 3   231    Constructor.php
[0;34mEnabling Plugin "Chiori Template".[0m                                                                                     --> 04:13:50.6770 Debug 3   60     PluginManager.php
[0;31mMaking SELECT query "SELECT * FROM `hooks` WHERE `siteID` = 'applebloom'" which returned with error: "Table 'chiorifw.[0m --> 04:13:50.6775 Warning   148    DatabaseEngine.php
hooks' doesn't exist".[0m
[0;36mSearching for "accounts.applebloom.co//" within FW Database.[0m                                                           --> 04:13:50.6780 Debug 3   25     Template.php
[0;36mMaking SELECT query "SELECT * FROM `pages` WHERE (`site` = '' OR `site` = 'accounts') AND `domain` = 'applebloom.co'" [0m --> 04:13:50.6784 Debug 2   158    DatabaseEngine.php
which returned 5 row(s).[0m
[0;36mMaking SELECT query "SELECT * FROM `pages` WHERE (`site` = '' OR `site` = 'accounts') AND `domain` = ''" which returne[0m --> 04:13:50.6788 Debug 2   158    DatabaseEngine.php
d 1 row(s).[0m
[0;36mMaking SELECT query "SELECT * FROM `users` WHERE (`username` = 'cg092m' OR `userID` = 'cg092m' OR `phone` = 'cg092m' O[0m --> 04:13:50.6800 Debug 2   158    DatabaseEngine.php
R `email` = 'cg092m') AND (`password` = '19ef3e37152ce992902541fb3acd94d8' OR md5(`password`) = '19ef3e37152ce992902541f[0m
b3acd94d8') LIMIT 0, 1" which returned 1 row(s).[0m
[0;36mMaking SELECT query "SELECT * FROM `accounts_access` WHERE `accessID` = '0' LIMIT 0, 1" which returned 1 row(s).[0m       --> 04:13:50.6805 Debug 2   158    DatabaseEngine.php
ChioriDB: Making UPDATE query "UPDATE users SET `lastactive` = '1362435230.6807' WHERE userID = 'cg092m' LIMIT 1;" which[0m --> 04:13:50.6810 Debug 1   336    DatabaseEngine.php
 affected 1 rows.[0m
Login Status: Username "Chiori Greene", UserID "cg092m", Name "Chiori Greene", Rank Title "Root Account".[0m                --> 04:13:50.6812 Info      144    UserService.php
[0;36mMaking SELECT query "SELECT * FROM `users` WHERE username = 'cg092m' LIMIT 0, 1" which returned 0 row(s).[0m              --> 04:13:50.6818 Debug 2   158    DatabaseEngine.php
[0;36mMaking SELECT query "SELECT * FROM `accounts_access` WHERE accessID = '' LIMIT 0, 1" which returned 0 row(s).[0m          --> 04:13:50.6821 Debug 2   158    DatabaseEngine.php
[0;36mMaking SELECT query "SELECT * FROM `users` WHERE username = 'cg092m' LIMIT 0, 1" which returned 0 row(s).[0m              --> 04:13:50.6825 Debug 2   158    DatabaseEngine.php
[0;36mMaking SELECT query "SELECT * FROM `accounts_access` WHERE accessID = '' LIMIT 0, 1" which returned 0 row(s).[0m          --> 04:13:50.6828 Debug 2   158    DatabaseEngine.php
[0;36mMaking SELECT query "SELECT * FROM `users` WHERE (`username` = 'cg092m' OR `userID` = 'cg092m' OR `phone` = 'cg092m' O[0m --> 04:13:50.6836 Debug 2   158    DatabaseEngine.php
R `email` = 'cg092m') AND (`password` = '19ef3e37152ce992902541fb3acd94d8' OR md5(`password`) = '19ef3e37152ce992902541f[0m
b3acd94d8') LIMIT 0, 1" which returned 1 row(s).[0m
[0;36mMaking SELECT query "SELECT * FROM `accounts_access` WHERE `accessID` = '0' LIMIT 0, 1" which returned 1 row(s).[0m       --> 04:13:50.6841 Debug 2   158    DatabaseEngine.php
ChioriDB: Making UPDATE query "UPDATE users SET `lastactive` = '1362435230.6843' WHERE userID = 'cg092m' LIMIT 1;" which[0m --> 04:13:50.6846 Debug 1   336    DatabaseEngine.php
 affected 1 rows.[0m
Login Status: Username "Chiori Greene", UserID "cg092m", Name "Chiori Greene", Rank Title "Root Account".[0m                --> 04:13:50.6848 Info      144    UserService.php
[0;36mMaking SELECT query "SELECT * FROM `users` WHERE username = 'cg092m' LIMIT 0, 1" which returned 0 row(s).[0m              --> 04:13:50.6853 Debug 2   158    DatabaseEngine.php
[0;36mMaking SELECT query "SELECT * FROM `accounts_access` WHERE accessID = '' LIMIT 0, 1" which returned 0 row(s).[0m          --> 04:13:50.6856 Debug 2   158    DatabaseEngine.php
[0;36mMaking SELECT query "SELECT * FROM `users` WHERE username = 'cg092m' LIMIT 0, 1" which returned 0 row(s).[0m              --> 04:13:50.6860 Debug 2   158    DatabaseEngine.php
[0;36mMaking SELECT query "SELECT * FROM `accounts_access` WHERE accessID = '' LIMIT 0, 1" which returned 0 row(s).[0m          --> 04:13:50.6863 Debug 2   158    DatabaseEngine.php
Retrieving File: /home/chiori/applebloom.co/protected5/co/applebloom/includes/common.inc.php[0m                             --> 04:13:50.6868 Debug 3   94     Server.php
Retrieving File: /home/chiori/applebloom.co/protected5/co/applebloom/includes/default.inc.php[0m                            --> 04:13:50.6873 Debug 3   94     Server.php
Retrieving File: /home/chiori/applebloom.co/protected5/co/applebloom/themes/default.inc.php[0m                              --> 04:13:50.6876 Debug 3   94     Server.php
Retrieving File: /home/chiori/applebloom.co/protected5/co/applebloom/widget/usermenu.inc.php[0m                             --> 04:13:50.6880 Debug 3   94     Server.php
[0;36mNow Initalizing Chiori Framework 5.1.0304 (Scootaloo)[0m                                                                  --> 04:13:51.9512 Debug 3   98     ChioriFramework.php
[0;36mCopyright © 2013 Apple Bloom Company[0m                                                                                  --> 04:13:51.9514 Debug 3   99     ChioriFramework.php
[0;36mFramework Spawned as PID: 26660[0m                                                                                        --> 04:13:51.9515 Debug 3   100    ChioriFramework.php
[0;36mLoading Framework Configuration[0m                                                                                        --> 04:13:51.9516 Debug 3   103    ChioriFramework.php
[0;34mMade successful connection to "chiorifw".[0m                                                                              --> 04:13:51.9523 Debug     42     DatabaseEngine.php
[0;36mLoading Site Configuration[0m                                                                                             --> 04:13:51.9527 Debug 3   118    ChioriFramework.php
[0;34mMade successful connection to "chiori".[0m                                                                                --> 04:13:51.9533 Debug     42     DatabaseEngine.php
[0;36mMaking SELECT query "SELECT * FROM `sites` WHERE `siteID` = 'applebloom' LIMIT 0, 1" which returned 1 row(s).[0m          --> 04:13:51.9540 Debug 2   158    DatabaseEngine.php
[0;36mMaking SELECT query "SELECT * FROM `plugins` WHERE `siteID` = 'applebloom'" which returned 1 row(s).[0m                   --> 04:13:51.9543 Debug 2   158    DatabaseEngine.php
[0;34mLoading "/home/chiori/applebloom.co/protected5/com/chiorichan/plugin/Template.php"[0m                                     --> 04:13:51.9545 Debug 3   231    Constructor.php
[0;34mLoading "/home/chiori/applebloom.co/protected5/com/chiorichan/exception/TemplateException.php"[0m                         --> 04:13:51.9561 Debug 3   231    Constructor.php
[0;34mEnabling Plugin "Chiori Template".[0m                                                                                     --> 04:13:51.9564 Debug 3   60     PluginManager.php
[0;31mMaking SELECT query "SELECT * FROM `hooks` WHERE `siteID` = 'applebloom'" which returned with error: "Table 'chiorifw.[0m --> 04:13:51.9569 Warning   148    DatabaseEngine.php
hooks' doesn't exist".[0m
[0;36mSearching for "accounts.applebloom.co//pages/misc/system_status" within FW Database.[0m                                   --> 04:13:51.9573 Debug 3   25     Template.php
[0;36mMaking SELECT query "SELECT * FROM `pages` WHERE (`site` = '' OR `site` = 'accounts') AND `domain` = 'applebloom.co'" [0m --> 04:13:51.9577 Debug 2   158    DatabaseEngine.php
which returned 5 row(s).[0m
[0;36mMaking SELECT query "SELECT * FROM `pages` WHERE (`site` = '' OR `site` = 'accounts') AND `domain` = ''" which returne[0m --> 04:13:51.9580 Debug 2   158    DatabaseEngine.php
d 1 row(s).[0m
[0;36mMaking SELECT query "SELECT * FROM `users` WHERE (`username` = 'cg092m' OR `userID` = 'cg092m' OR `phone` = 'cg092m' O[0m --> 04:13:51.9592 Debug 2   158    DatabaseEngine.php
R `email` = 'cg092m') AND (`password` = '19ef3e37152ce992902541fb3acd94d8' OR md5(`password`) = '19ef3e37152ce992902541f[0m
b3acd94d8') LIMIT 0, 1" which returned 1 row(s).[0m
[0;36mMaking SELECT query "SELECT * FROM `accounts_access` WHERE `accessID` = '0' LIMIT 0, 1" which returned 1 row(s).[0m       --> 04:13:51.9597 Debug 2   158    DatabaseEngine.php
ChioriDB: Making UPDATE query "UPDATE users SET `lastactive` = '1362435231.9599' WHERE userID = 'cg092m' LIMIT 1;" which[0m --> 04:13:51.9602 Debug 1   336    DatabaseEngine.php
 affected 1 rows.[0m
Login Status: Username "Chiori Greene", UserID "cg092m", Name "Chiori Greene", Rank Title "Root Account".[0m                --> 04:13:51.9604 Info      144    UserService.php
[0;36mMaking SELECT query "SELECT * FROM `users` WHERE username = 'cg092m' LIMIT 0, 1" which returned 0 row(s).[0m              --> 04:13:51.9610 Debug 2   158    DatabaseEngine.php
[0;36mMaking SELECT query "SELECT * FROM `accounts_access` WHERE accessID = '' LIMIT 0, 1" which returned 0 row(s).[0m          --> 04:13:51.9613 Debug 2   158    DatabaseEngine.php
[0;36mMaking SELECT query "SELECT * FROM `users` WHERE username = 'cg092m' LIMIT 0, 1" which returned 0 row(s).[0m              --> 04:13:51.9617 Debug 2   158    DatabaseEngine.php
[0;36mMaking SELECT query "SELECT * FROM `accounts_access` WHERE accessID = '' LIMIT 0, 1" which returned 0 row(s).[0m          --> 04:13:51.9619 Debug 2   158    DatabaseEngine.php
[0;36mMaking SELECT query "SELECT * FROM `users` WHERE (`username` = 'cg092m' OR `userID` = 'cg092m' OR `phone` = 'cg092m' O[0m --> 04:13:51.9628 Debug 2   158    DatabaseEngine.php
R `email` = 'cg092m') AND (`password` = '19ef3e37152ce992902541fb3acd94d8' OR md5(`password`) = '19ef3e37152ce992902541f[0m
b3acd94d8') LIMIT 0, 1" which returned 1 row(s).[0m
[0;36mMaking SELECT query "SELECT * FROM `accounts_access` WHERE `accessID` = '0' LIMIT 0, 1" which returned 1 row(s).[0m       --> 04:13:51.9632 Debug 2   158    DatabaseEngine.php
ChioriDB: Making UPDATE query "UPDATE users SET `lastactive` = '1362435231.9634' WHERE userID = 'cg092m' LIMIT 1;" which[0m --> 04:13:51.9637 Debug 1   336    DatabaseEngine.php
 affected 1 rows.[0m
Login Status: Username "Chiori Greene", UserID "cg092m", Name "Chiori Greene", Rank Title "Root Account".[0m                --> 04:13:51.9639 Info      144    UserService.php
[0;36mMaking SELECT query "SELECT * FROM `users` WHERE username = 'cg092m' LIMIT 0, 1" which returned 0 row(s).[0m              --> 04:13:51.9645 Debug 2   158    DatabaseEngine.php
[0;36mMaking SELECT query "SELECT * FROM `accounts_access` WHERE accessID = '' LIMIT 0, 1" which returned 0 row(s).[0m          --> 04:13:51.9648 Debug 2   158    DatabaseEngine.php
[0;36mMaking SELECT query "SELECT * FROM `users` WHERE username = 'cg092m' LIMIT 0, 1" which returned 0 row(s).[0m              --> 04:13:51.9652 Debug 2   158    DatabaseEngine.php
[0;36mMaking SELECT query "SELECT * FROM `accounts_access` WHERE accessID = '' LIMIT 0, 1" which returned 0 row(s).[0m          --> 04:13:51.9654 Debug 2   158    DatabaseEngine.php
[0;36mMaking SELECT query "SELECT * FROM `settings_default` WHERE `key` = 'CHIORI_DIAGNOSTICS_MODE' LIMIT 0, 1" which return[0m --> 04:13:51.9835 Debug 2   158    DatabaseEngine.php
ed 1 row(s).[0m
[0;36mMaking SELECT query "SELECT * FROM `settings_custom` WHERE `key` = 'CHIORI_DIAGNOSTICS_MODE' AND `owner` = 'cg092m' LI[0m --> 04:13:51.9840 Debug 2   158    DatabaseEngine.php
MIT 0, 1" which returned 0 row(s).[0m
ChioriSettings: Retrived "CHIORI_DIAGNOSTICS_MODE" setting from database using idenifier "cg092m", Result: "0"[0m           --> 04:13:51.9843 Debug 2   233    ConfigurationManager.php
[0;36mMaking SELECT query "SELECT * FROM `settings_default` WHERE `key` = 'USER_FORCE_PASS_CHANGE' LIMIT 0, 1" which returne[0m --> 04:13:51.9847 Debug 2   158    DatabaseEngine.php
d 1 row(s).[0m
[0;36mMaking SELECT query "SELECT * FROM `settings_custom` WHERE `key` = 'USER_FORCE_PASS_CHANGE' AND `owner` = 'cg092m' LIM[0m --> 04:13:51.9850 Debug 2   158    DatabaseEngine.php
IT 0, 1" which returned 0 row(s).[0m
ChioriSettings: Retrived "USER_FORCE_PASS_CHANGE" setting from database using idenifier "cg092m", Result: "0"[0m            --> 04:13:51.9852 Debug 2   233    ConfigurationManager.php
[0;36mMaking SELECT query "SELECT * FROM `users` WHERE (`username` = 'cg092m' OR `userID` = 'cg092m' OR `phone` = 'cg092m' O[0m --> 04:13:51.9863 Debug 2   158    DatabaseEngine.php
R `email` = 'cg092m') AND (`password` = '19ef3e37152ce992902541fb3acd94d8' OR md5(`password`) = '19ef3e37152ce992902541f[0m
b3acd94d8') LIMIT 0, 1" which returned 1 row(s).[0m
[0;36mMaking SELECT query "SELECT * FROM `accounts_access` WHERE `accessID` = '0' LIMIT 0, 1" which returned 1 row(s).[0m       --> 04:13:51.9867 Debug 2   158    DatabaseEngine.php
ChioriDB: Making UPDATE query "UPDATE users SET `lastactive` = '1362435231.9869' WHERE userID = 'cg092m' LIMIT 1;" which[0m --> 04:13:51.9873 Debug 1   336    DatabaseEngine.php
 affected 1 rows.[0m
Login Status: Username "Chiori Greene", UserID "cg092m", Name "Chiori Greene", Rank Title "Root Account".[0m                --> 04:13:51.9875 Info      144    UserService.php
[0;36mMaking SELECT query "SELECT * FROM `users` WHERE username = 'cg092m' LIMIT 0, 1" which returned 0 row(s).[0m              --> 04:13:51.9881 Debug 2   158    DatabaseEngine.php
[0;36mMaking SELECT query "SELECT * FROM `accounts_access` WHERE accessID = '' LIMIT 0, 1" which returned 0 row(s).[0m          --> 04:13:51.9884 Debug 2   158    DatabaseEngine.php
[0;36mMaking SELECT query "SELECT * FROM `users` WHERE username = 'cg092m' LIMIT 0, 1" which returned 0 row(s).[0m              --> 04:13:51.9888 Debug 2   158    DatabaseEngine.php
[0;36mMaking SELECT query "SELECT * FROM `accounts_access` WHERE accessID = '' LIMIT 0, 1" which returned 0 row(s).[0m          --> 04:13:51.9891 Debug 2   158    DatabaseEngine.php
[0;36mMaking SELECT query "SELECT * FROM `users` WHERE (`username` = 'cg092m' OR `userID` = 'cg092m' OR `phone` = 'cg092m' O[0m --> 04:13:51.9900 Debug 2   158    DatabaseEngine.php
R `email` = 'cg092m') AND (`password` = '19ef3e37152ce992902541fb3acd94d8' OR md5(`password`) = '19ef3e37152ce992902541f[0m
b3acd94d8') LIMIT 0, 1" which returned 1 row(s).[0m
[0;36mMaking SELECT query "SELECT * FROM `accounts_access` WHERE `accessID` = '0' LIMIT 0, 1" which returned 1 row(s).[0m       --> 04:13:51.9904 Debug 2   158    DatabaseEngine.php
ChioriDB: Making UPDATE query "UPDATE users SET `lastactive` = '1362435231.9906' WHERE userID = 'cg092m' LIMIT 1;" which[0m --> 04:13:51.9909 Debug 1   336    DatabaseEngine.php
 affected 1 rows.[0m
Login Status: Username "Chiori Greene", UserID "cg092m", Name "Chiori Greene", Rank Title "Root Account".[0m                --> 04:13:51.9911 Info      144    UserService.php
[0;36mMaking SELECT query "SELECT * FROM `users` WHERE username = 'cg092m' LIMIT 0, 1" which returned 0 row(s).[0m              --> 04:13:51.9917 Debug 2   158    DatabaseEngine.php
[0;36mMaking SELECT query "SELECT * FROM `accounts_access` WHERE accessID = '' LIMIT 0, 1" which returned 0 row(s).[0m          --> 04:13:51.9920 Debug 2   158    DatabaseEngine.php
[0;36mMaking SELECT query "SELECT * FROM `users` WHERE username = 'cg092m' LIMIT 0, 1" which returned 0 row(s).[0m              --> 04:13:51.9924 Debug 2   158    DatabaseEngine.php
[0;36mMaking SELECT query "SELECT * FROM `accounts_access` WHERE accessID = '' LIMIT 0, 1" which returned 0 row(s).[0m          --> 04:13:51.9927 Debug 2   158    DatabaseEngine.php
Retrieving File: /home/chiori/applebloom.co/protected5/co/applebloom/includes/common.inc.php[0m                             --> 04:13:51.9930 Debug 3   94     Server.php
Retrieving File: /home/chiori/applebloom.co/protected5/co/applebloom/includes/default.inc.php[0m                            --> 04:13:51.9934 Debug 3   94     Server.php
Retrieving File: /home/chiori/applebloom.co/protected5/co/applebloom/themes/default.inc.php[0m                              --> 04:13:51.9937 Debug 3   94     Server.php
Retrieving File: /home/chiori/applebloom.co/protected5/co/applebloom/widget/usermenu.inc.php[0m                             --> 04:13:51.9941 Debug 3   94     Server.php
